<?xml version="1.0" encoding="UTF-8"?>
<testsuite xmlns:xsi="http://www.w3.org/2001/XMLSchema-instance" xsi:noNamespaceSchemaLocation="https://maven.apache.org/surefire/maven-surefire-plugin/xsd/surefire-test-report.xsd" name="nl.ru.convert.ConvertTest" time="0.081" tests="1" errors="0" skipped="0" failures="0">
  <properties>
    <property name="sun.desktop" value="windows"/>
    <property name="awt.toolkit" value="sun.awt.windows.WToolkit"/>
    <property name="java.specification.version" value="11"/>
    <property name="sun.cpu.isalist" value="amd64"/>
    <property name="sun.jnu.encoding" value="Cp1252"/>
    <property name="java.class.path" value="C:\Users\Daan Roos\.m2\repository\org\apache\maven\surefire\surefire-booter\2.22.1\surefire-booter-2.22.1.jar;C:\Users\Daan Roos\.m2\repository\org\apache\maven\surefire\surefire-api\2.22.1\surefire-api-2.22.1.jar;C:\Users\Daan Roos\.m2\repository\org\apache\maven\surefire\surefire-logger-api\2.22.1\surefire-logger-api-2.22.1.jar;D:\Daan\IR\olddog\target\test-classes;D:\Daan\IR\olddog\target\classes;C:\Users\Daan Roos\.m2\repository\org\apache\lucene\lucene-core\8.3.0\lucene-core-8.3.0.jar;C:\Users\Daan Roos\.m2\repository\org\apache\lucene\lucene-benchmark\8.3.0\lucene-benchmark-8.3.0.jar;C:\Users\Daan Roos\.m2\repository\org\apache\lucene\lucene-analyzers-common\8.3.0\lucene-analyzers-common-8.3.0.jar;C:\Users\Daan Roos\.m2\repository\org\apache\lucene\lucene-codecs\8.3.0\lucene-codecs-8.3.0.jar;C:\Users\Daan Roos\.m2\repository\org\apache\lucene\lucene-facet\8.3.0\lucene-facet-8.3.0.jar;C:\Users\Daan Roos\.m2\repository\org\apache\lucene\lucene-highlighter\8.3.0\lucene-highlighter-8.3.0.jar;C:\Users\Daan Roos\.m2\repository\org\apache\lucene\lucene-join\8.3.0\lucene-join-8.3.0.jar;C:\Users\Daan Roos\.m2\repository\org\apache\lucene\lucene-memory\8.3.0\lucene-memory-8.3.0.jar;C:\Users\Daan Roos\.m2\repository\org\apache\lucene\lucene-queries\8.3.0\lucene-queries-8.3.0.jar;C:\Users\Daan Roos\.m2\repository\org\apache\lucene\lucene-queryparser\8.3.0\lucene-queryparser-8.3.0.jar;C:\Users\Daan Roos\.m2\repository\org\apache\lucene\lucene-spatial-extras\8.3.0\lucene-spatial-extras-8.3.0.jar;C:\Users\Daan Roos\.m2\repository\com\ibm\icu\icu4j\62.1\icu4j-62.1.jar;C:\Users\Daan Roos\.m2\repository\net\sourceforge\nekohtml\nekohtml\1.9.17\nekohtml-1.9.17.jar;C:\Users\Daan Roos\.m2\repository\org\apache\commons\commons-compress\1.18\commons-compress-1.18.jar;C:\Users\Daan Roos\.m2\repository\org\locationtech\spatial4j\spatial4j\0.7\spatial4j-0.7.jar;C:\Users\Daan Roos\.m2\repository\xerces\xercesImpl\2.9.1\xercesImpl-2.9.1.jar;C:\Users\Daan Roos\.m2\repository\org\apache\lucene\lucene-test-framework\8.3.0\lucene-test-framework-8.3.0.jar;C:\Users\Daan Roos\.m2\repository\com\carrotsearch\randomizedtesting\randomizedtesting-runner\2.7.2\randomizedtesting-runner-2.7.2.jar;C:\Users\Daan Roos\.m2\repository\junit\junit\4.12\junit-4.12.jar;C:\Users\Daan Roos\.m2\repository\org\hamcrest\hamcrest-core\1.3\hamcrest-core-1.3.jar;C:\Users\Daan Roos\.m2\repository\args4j\args4j\2.32\args4j-2.32.jar;C:\Users\Daan Roos\.m2\repository\org\apache\logging\log4j\log4j-api\2.4\log4j-api-2.4.jar;C:\Users\Daan Roos\.m2\repository\org\apache\logging\log4j\log4j-core\2.4\log4j-core-2.4.jar;C:\Users\Daan Roos\.m2\repository\org\jetbrains\annotations\18.0.0\annotations-18.0.0.jar;C:\Users\Daan Roos\.m2\repository\org\apache\maven\surefire\surefire-junit4\2.22.1\surefire-junit4-2.22.1.jar"/>
    <property name="java.vm.vendor" value="Oracle Corporation"/>
    <property name="sun.arch.data.model" value="64"/>
    <property name="user.variant" value=""/>
    <property name="java.vendor.url" value="http://java.oracle.com/"/>
    <property name="user.timezone" value="Europe/Berlin"/>
    <property name="user.country.format" value="150"/>
    <property name="java.vm.specification.version" value="11"/>
    <property name="os.name" value="Windows 10"/>
    <property name="sun.java.launcher" value="SUN_STANDARD"/>
    <property name="user.country" value="US"/>
    <property name="sun.boot.library.path" value="C:\Program Files\Java\jdk-11.0.5\bin"/>
    <property name="sun.java.command" value="org.apache.maven.surefire.booter.ForkedBooter C:\Users\Daan Roos\AppData\Local\Temp\surefire17070163598722914091 2019-12-16T15-35-25_025-jvmRun1 surefire3951079487715415747tmp surefire_01552748579075804248tmp"/>
    <property name="jdk.debug" value="release"/>
    <property name="surefire.test.class.path" value="D:\Daan\IR\olddog\target\test-classes;D:\Daan\IR\olddog\target\classes;C:\Users\Daan Roos\.m2\repository\org\apache\lucene\lucene-core\8.3.0\lucene-core-8.3.0.jar;C:\Users\Daan Roos\.m2\repository\org\apache\lucene\lucene-benchmark\8.3.0\lucene-benchmark-8.3.0.jar;C:\Users\Daan Roos\.m2\repository\org\apache\lucene\lucene-analyzers-common\8.3.0\lucene-analyzers-common-8.3.0.jar;C:\Users\Daan Roos\.m2\repository\org\apache\lucene\lucene-codecs\8.3.0\lucene-codecs-8.3.0.jar;C:\Users\Daan Roos\.m2\repository\org\apache\lucene\lucene-facet\8.3.0\lucene-facet-8.3.0.jar;C:\Users\Daan Roos\.m2\repository\org\apache\lucene\lucene-highlighter\8.3.0\lucene-highlighter-8.3.0.jar;C:\Users\Daan Roos\.m2\repository\org\apache\lucene\lucene-join\8.3.0\lucene-join-8.3.0.jar;C:\Users\Daan Roos\.m2\repository\org\apache\lucene\lucene-memory\8.3.0\lucene-memory-8.3.0.jar;C:\Users\Daan Roos\.m2\repository\org\apache\lucene\lucene-queries\8.3.0\lucene-queries-8.3.0.jar;C:\Users\Daan Roos\.m2\repository\org\apache\lucene\lucene-queryparser\8.3.0\lucene-queryparser-8.3.0.jar;C:\Users\Daan Roos\.m2\repository\org\apache\lucene\lucene-spatial-extras\8.3.0\lucene-spatial-extras-8.3.0.jar;C:\Users\Daan Roos\.m2\repository\com\ibm\icu\icu4j\62.1\icu4j-62.1.jar;C:\Users\Daan Roos\.m2\repository\net\sourceforge\nekohtml\nekohtml\1.9.17\nekohtml-1.9.17.jar;C:\Users\Daan Roos\.m2\repository\org\apache\commons\commons-compress\1.18\commons-compress-1.18.jar;C:\Users\Daan Roos\.m2\repository\org\locationtech\spatial4j\spatial4j\0.7\spatial4j-0.7.jar;C:\Users\Daan Roos\.m2\repository\xerces\xercesImpl\2.9.1\xercesImpl-2.9.1.jar;C:\Users\Daan Roos\.m2\repository\org\apache\lucene\lucene-test-framework\8.3.0\lucene-test-framework-8.3.0.jar;C:\Users\Daan Roos\.m2\repository\com\carrotsearch\randomizedtesting\randomizedtesting-runner\2.7.2\randomizedtesting-runner-2.7.2.jar;C:\Users\Daan Roos\.m2\repository\junit\junit\4.12\junit-4.12.jar;C:\Users\Daan Roos\.m2\repository\org\hamcrest\hamcrest-core\1.3\hamcrest-core-1.3.jar;C:\Users\Daan Roos\.m2\repository\args4j\args4j\2.32\args4j-2.32.jar;C:\Users\Daan Roos\.m2\repository\org\apache\logging\log4j\log4j-api\2.4\log4j-api-2.4.jar;C:\Users\Daan Roos\.m2\repository\org\apache\logging\log4j\log4j-core\2.4\log4j-core-2.4.jar;C:\Users\Daan Roos\.m2\repository\org\jetbrains\annotations\18.0.0\annotations-18.0.0.jar;"/>
    <property name="sun.cpu.endian" value="little"/>
    <property name="user.home" value="C:\Users\Daan Roos"/>
    <property name="user.language" value="en"/>
    <property name="java.specification.vendor" value="Oracle Corporation"/>
    <property name="java.version.date" value="2019-10-15"/>
    <property name="java.home" value="C:\Program Files\Java\jdk-11.0.5"/>
    <property name="file.separator" value="\"/>
    <property name="basedir" value="D:\Daan\IR\olddog"/>
    <property name="java.vm.compressedOopsMode" value="32-bit"/>
    <property name="line.separator" value="&#10;"/>
    <property name="java.specification.name" value="Java Platform API Specification"/>
    <property name="java.vm.specification.vendor" value="Oracle Corporation"/>
    <property name="java.awt.graphicsenv" value="sun.awt.Win32GraphicsEnvironment"/>
    <property name="user.script" value=""/>
    <property name="sun.management.compiler" value="HotSpot 64-Bit Tiered Compilers"/>
    <property name="java.runtime.version" value="11.0.5+10-LTS"/>
    <property name="user.name" value="Daan Roos"/>
    <property name="path.separator" value=";"/>
    <property name="os.version" value="10.0"/>
    <property name="java.runtime.name" value="Java(TM) SE Runtime Environment"/>
    <property name="file.encoding" value="Cp1252"/>
    <property name="java.vm.name" value="Java HotSpot(TM) 64-Bit Server VM"/>
    <property name="java.vendor.version" value="18.9"/>
    <property name="localRepository" value="C:\Users\Daan Roos\.m2\repository"/>
    <property name="java.vendor.url.bug" value="http://bugreport.java.com/bugreport/"/>
    <property name="java.io.tmpdir" value="C:\Users\DAANRO~1\AppData\Local\Temp\"/>
    <property name="java.version" value="11.0.5"/>
    <property name="user.dir" value="D:\Daan\IR\olddog"/>
    <property name="os.arch" value="amd64"/>
    <property name="java.vm.specification.name" value="Java Virtual Machine Specification"/>
    <property name="java.awt.printerjob" value="sun.awt.windows.WPrinterJob"/>
    <property name="sun.os.patch.level" value=""/>
    <property name="java.library.path" value="C:\Program Files\Java\jdk-11.0.5\bin;C:\WINDOWS\Sun\Java\bin;C:\WINDOWS\system32;C:\WINDOWS;C:\Program Files (x86)\Common Files\Oracle\Java\javapath;C:\Windows\system32;C:\Windows;C:\Windows\System32\Wbem;C:\Windows\System32\WindowsPowerShell\v1.0\;C:\Windows\System32\OpenSSH\;D:\Program Files\MATLAB\R2018a\runtime\win64;D:\Program Files\MATLAB\R2018a\bin;C:\Program Files (x86)\NVIDIA Corporation\PhysX\Common;C:\Program Files\NVIDIA Corporation\NVIDIA NvDLISR;C:\WINDOWS\system32;C:\WINDOWS;C:\WINDOWS\System32\Wbem;C:\WINDOWS\System32\WindowsPowerShell\v1.0\;C:\WINDOWS\System32\OpenSSH\;C:\Program Files\apache-maven-3.6.3\bin;C:\Users\Daan Roos\AppData\Local\Microsoft\WindowsApps;;."/>
    <property name="java.vendor" value="Oracle Corporation"/>
    <property name="java.vm.info" value="mixed mode"/>
    <property name="java.vm.version" value="11.0.5+10-LTS"/>
    <property name="sun.io.unicode.encoding" value="UnicodeLittle"/>
    <property name="java.class.version" value="55.0"/>
  </properties>
  <testcase name="convert" classname="nl.ru.convert.ConvertTest" time="0.001"/>
</testsuite>